nohup: ignoring input
应用实例，访问地址为 http://localhost:3000
undefined
reset check_update_interval: 3600000
reset check_update_interval: 3600000
zyf
reset check_update_interval: 3600000
reset check_update_interval: 3600000
reset check_update_interval: 3600000
reset check_update_interval: 3600000
reset check_update_interval: 3600000
reset check_update_interval: 3600000
undefined
undefined
undefined
reset check_update_interval: 3600000
undefined
ta78na
guest
guest
guest
updated seen_time for manga_id: 42.
###################网络延迟#######################
###################网络延迟#######################
guest
###################网络延迟#######################
###################网络延迟#######################
reset check_update_interval: 3600000
guest
guest
https://mhimg.eshanyao.com/images/cover/201910/1572346258009113045b8447ac.jpg
save success
guest
###################网络延迟#######################
zyf
guest
###################网络延迟#######################
guest
undefined
undefined
reset check_update_interval: 3600000
reset check_update_interval: 3600000
reset check_update_interval: 3600000
ta78na
updated seen_time for manga_id: 21.
###################网络延迟#######################
###################网络延迟#######################
Error occurred when trying to query bookmark information from database: ER_PARSE_ERROR: You have an error in your SQL syntax; check the manual that corresponds to your MySQL server version for the right syntax to use near '://www.manhuafen.com/comic/2237/ AND user_id = (SELECT u.user_id FROM user AS u ' at line 1
TypeError: Cannot read property 'replace' of undefined
    at router.manga (/root/maple/maple-manga/route/manga.js:35:29)
    at Layer.handle [as handle_request] (/root/maple/maple-manga/node_modules/express/lib/router/layer.js:95:5)
    at next (/root/maple/maple-manga/node_modules/express/lib/router/route.js:137:13)
    at Route.dispatch (/root/maple/maple-manga/node_modules/express/lib/router/route.js:112:3)
    at Layer.handle [as handle_request] (/root/maple/maple-manga/node_modules/express/lib/router/layer.js:95:5)
    at /root/maple/maple-manga/node_modules/express/lib/router/index.js:281:22
    at Function.process_params (/root/maple/maple-manga/node_modules/express/lib/router/index.js:335:12)
    at next (/root/maple/maple-manga/node_modules/express/lib/router/index.js:275:10)
    at Immediate._onImmediate (/root/maple/maple-manga/node_modules/express-session/index.js:495:7)
    at runCallback (timers.js:706:11)
ta78na
###################网络延迟#######################
undefined
reset check_update_interval: 3600000
reset check_update_interval: 3600000
undefined
reset check_update_interval: 3600000
reset check_update_interval: 3600000
undefined
reset check_update_interval: 3600000
reset check_update_interval: 3600000
reset check_update_interval: 3600000
reset check_update_interval: 3600000
reset check_update_interval: 3600000
reset check_update_interval: 3600000
reset check_update_interval: 3600000
reset check_update_interval: 3600000
reset check_update_interval: 3600000
reset check_update_interval: 3600000
undefined
reset check_update_interval: 3600000
guest
reset check_update_interval: 3600000
应用实例，访问地址为 http://localhost:3000
undefined
nohup: ignoring input
events.js:174
      throw er; // Unhandled 'error' event
      ^

Error: listen EADDRINUSE: address already in use :::3000
    at Server.setupListenHandle [as _listen2] (net.js:1270:14)
    at listenInCluster (net.js:1318:12)
    at Server.listen (net.js:1405:7)
    at Function.listen (/root/maple/maple-manga/node_modules/express/lib/application.js:618:24)
    at Object.<anonymous> (/root/maple/maple-manga/server.js:41:18)
    at Module._compile (internal/modules/cjs/loader.js:701:30)
    at Object.Module._extensions..js (internal/modules/cjs/loader.js:712:10)
    at Module.load (internal/modules/cjs/loader.js:600:32)
    at tryModuleLoad (internal/modules/cjs/loader.js:539:12)
    at Function.Module._load (internal/modules/cjs/loader.js:531:3)
Emitted 'error' event at:
    at emitErrorNT (net.js:1297:8)
    at process._tickCallback (internal/process/next_tick.js:63:19)
    at Function.Module.runMain (internal/modules/cjs/loader.js:757:11)
    at startup (internal/bootstrap/node.js:283:19)
    at bootstrapNodeJSCore (internal/bootstrap/node.js:622:3)
undefined
events.js:174
      throw er; // Unhandled 'error' event
      ^

Error: listen EADDRINUSE: address already in use :::3000
    at Server.setupListenHandle [as _listen2] (net.js:1270:14)
    at listenInCluster (net.js:1318:12)
    at Server.listen (net.js:1405:7)
    at Function.listen (/root/maple/maple-manga/node_modules/express/lib/application.js:618:24)
    at Object.<anonymous> (/root/maple/maple-manga/server.js:41:18)
    at Module._compile (internal/modules/cjs/loader.js:701:30)
    at Object.Module._extensions..js (internal/modules/cjs/loader.js:712:10)
    at Module.load (internal/modules/cjs/loader.js:600:32)
    at tryModuleLoad (internal/modules/cjs/loader.js:539:12)
    at Function.Module._load (internal/modules/cjs/loader.js:531:3)
Emitted 'error' event at:
    at emitErrorNT (net.js:1297:8)
    at process._tickCallback (internal/process/next_tick.js:63:19)
    at Function.Module.runMain (internal/modules/cjs/loader.js:757:11)
    at startup (internal/bootstrap/node.js:283:19)
    at bootstrapNodeJSCore (internal/bootstrap/node.js:622:3)
events.js:174
      throw er; // Unhandled 'error' event
      ^

Error: listen EADDRINUSE: address already in use :::3000
    at Server.setupListenHandle [as _listen2] (net.js:1270:14)
    at listenInCluster (net.js:1318:12)
    at Server.listen (net.js:1405:7)
    at Function.listen (/root/maple/maple-manga/node_modules/express/lib/application.js:618:24)
    at Object.<anonymous> (/root/maple/maple-manga/server.js:41:18)
    at Module._compile (internal/modules/cjs/loader.js:701:30)
    at Object.Module._extensions..js (internal/modules/cjs/loader.js:712:10)
    at Module.load (internal/modules/cjs/loader.js:600:32)
    at tryModuleLoad (internal/modules/cjs/loader.js:539:12)
    at Function.Module._load (internal/modules/cjs/loader.js:531:3)
Emitted 'error' event at:
    at emitErrorNT (net.js:1297:8)
    at process._tickCallback (internal/process/next_tick.js:63:19)
    at Function.Module.runMain (internal/modules/cjs/loader.js:757:11)
    at startup (internal/bootstrap/node.js:283:19)
    at bootstrapNodeJSCore (internal/bootstrap/node.js:622:3)
undefined
reset check_update_interval: 3600000
zyf
undefined
reset check_update_interval: 3600000
reset check_update_interval: 3600000
reset check_update_interval: 3600000
undefined
zyf
reset check_update_interval: 3600000
reset check_update_interval: 3600000
zyf
updated seen_time for manga_id: 48.
###################网络延迟#######################
zyf
reset check_update_interval: 3600000
ta78na
reset check_update_interval: 3600000
reset check_update_interval: 3600000
reset check_update_interval: 3600000
reset check_update_interval: 3600000
reset check_update_interval: 3600000
undefined
reset check_update_interval: 3600000
reset check_update_interval: 3600000
reset check_update_interval: 3600000
reset check_update_interval: 3600000
reset check_update_interval: 3600000
undefined
reset check_update_interval: 3600000
reset check_update_interval: 3600000
reset check_update_interval: 3600000
undefined
reset check_update_interval: 3600000
reset check_update_interval: 3600000
zyf
reset check_update_interval: 3600000
reset check_update_interval: 3600000
reset check_update_interval: 3600000
reset check_update_interval: 3600000
reset check_update_interval: 3600000
reset check_update_interval: 3600000
reset check_update_interval: 3600000
reset check_update_interval: 3600000
ta78na
reset check_update_interval: 3600000
reset check_update_interval: 3600000
reset check_update_interval: 3600000
reset check_update_interval: 3600000
reset check_update_interval: 3600000
reset check_update_interval: 3600000
reset check_update_interval: 3600000
reset check_update_interval: 3600000
reset check_update_interval: 3600000
reset check_update_interval: 3600000
reset check_update_interval: 3600000
reset check_update_interval: 3600000
reset check_update_interval: 3600000
undefined
reset check_update_interval: 3600000
reset check_update_interval: 3600000
reset check_update_interval: 3600000
reset check_update_interval: 3600000
undefined
reset check_update_interval: 3600000
reset check_update_interval: 3600000
reset check_update_interval: 3600000
reset check_update_interval: 3600000
zyf
undefined
reset check_update_interval: 3600000
undefined
reset check_update_interval: 3600000
reset check_update_interval: 3600000
reset check_update_interval: 3600000
reset check_update_interval: 3600000
reset check_update_interval: 3600000
reset check_update_interval: 3600000
undefined
reset check_update_interval: 3600000
reset check_update_interval: 3600000
reset check_update_interval: 3600000
reset check_update_interval: 3600000
reset check_update_interval: 3600000
undefined
reset check_update_interval: 3600000
reset check_update_interval: 3600000
reset check_update_interval: 3600000
reset check_update_interval: 3600000
reset check_update_interval: 3600000
reset check_update_interval: 3600000
reset check_update_interval: 3600000
reset check_update_interval: 3600000
reset check_update_interval: 3600000
undefined
reset check_update_interval: 3600000
get update error: read ECONNRESET
reset check_update_interval: 60000
reset check_update_interval: 3600000
undefined
undefined
reset check_update_interval: 3600000
reset check_update_interval: 3600000
reset check_update_interval: 3600000
undefined
zyf
reset check_update_interval: 3600000
reset check_update_interval: 3600000
reset check_update_interval: 3600000
ta78na
undefined
zyf
reset check_update_interval: 3600000
reset check_update_interval: 3600000
undefined
reset check_update_interval: 3600000
reset check_update_interval: 3600000
reset check_update_interval: 3600000
reset check_update_interval: 3600000
reset check_update_interval: 3600000
reset check_update_interval: 3600000
undefined
reset check_update_interval: 3600000
reset check_update_interval: 3600000
undefined
reset check_update_interval: 3600000
reset check_update_interval: 3600000
zyf
updated seen_time for manga_id: 51.
###################网络延迟#######################
reset check_update_interval: 3600000
reset check_update_interval: 3600000
reset check_update_interval: 3600000
reset check_update_interval: 3600000
reset check_update_interval: 3600000
undefined
reset check_update_interval: 3600000
reset check_update_interval: 3600000
undefined
reset check_update_interval: 3600000
reset check_update_interval: 3600000
reset check_update_interval: 3600000
reset check_update_interval: 3600000
reset check_update_interval: 3600000
get update error: connect ETIMEDOUT 103.140.242.8:443
reset check_update_interval: 60000
get update error: connect ETIMEDOUT 103.140.242.8:443
reset check_update_interval: 60000
reset check_update_interval: 3600000
reset check_update_interval: 3600000
reset check_update_interval: 3600000
reset check_update_interval: 3600000
undefined
reset check_update_interval: 3600000
undefined
reset check_update_interval: 3600000
reset check_update_interval: 3600000
reset check_update_interval: 3600000
reset check_update_interval: 3600000
reset check_update_interval: 3600000
reset check_update_interval: 3600000
reset check_update_interval: 3600000
zyf
zyf
reset check_update_interval: 3600000
reset check_update_interval: 3600000
reset check_update_interval: 3600000
reset check_update_interval: 3600000
reset check_update_interval: 3600000
undefined
reset check_update_interval: 3600000
reset check_update_interval: 3600000
reset check_update_interval: 3600000
reset check_update_interval: 3600000
reset check_update_interval: 3600000
reset check_update_interval: 3600000
reset check_update_interval: 3600000
reset check_update_interval: 3600000
reset check_update_interval: 3600000
reset check_update_interval: 3600000
reset check_update_interval: 3600000
undefined
undefined
reset check_update_interval: 3600000
reset check_update_interval: 3600000
reset check_update_interval: 3600000
reset check_update_interval: 3600000
undefined
reset check_update_interval: 3600000
reset check_update_interval: 3600000
reset check_update_interval: 3600000
reset check_update_interval: 3600000
reset check_update_interval: 3600000
reset check_update_interval: 3600000
reset check_update_interval: 3600000
reset check_update_interval: 3600000
undefined
reset check_update_interval: 3600000
reset check_update_interval: 3600000
reset check_update_interval: 3600000
reset check_update_interval: 3600000
undefined
undefined
reset check_update_interval: 3600000
undefined
reset check_update_interval: 3600000
reset check_update_interval: 3600000
reset check_update_interval: 3600000
undefined
ta78na
updated seen_time for manga_id: 20.
###################网络延迟#######################
###################网络延迟#######################
reset check_update_interval: 3600000
undefined
reset check_update_interval: 3600000
reset check_update_interval: 3600000
reset check_update_interval: 3600000
reset check_update_interval: 3600000
reset check_update_interval: 3600000
reset check_update_interval: 3600000
reset check_update_interval: 3600000
reset check_update_interval: 3600000
reset check_update_interval: 3600000
undefined
reset check_update_interval: 3600000
undefined
undefined
reset check_update_interval: 3600000
reset check_update_interval: 3600000
reset check_update_interval: 3600000
reset check_update_interval: 3600000
reset check_update_interval: 3600000
undefined
reset check_update_interval: 3600000
reset check_update_interval: 3600000
reset check_update_interval: 3600000
reset check_update_interval: 3600000
reset check_update_interval: 3600000
undefined
reset check_update_interval: 3600000
reset check_update_interval: 3600000
reset check_update_interval: 3600000
zyf
reset check_update_interval: 3600000
reset check_update_interval: 3600000
reset check_update_interval: 3600000
reset check_update_interval: 3600000
reset check_update_interval: 3600000
undefined
reset check_update_interval: 3600000
reset check_update_interval: 3600000
reset check_update_interval: 3600000
reset check_update_interval: 3600000
reset check_update_interval: 3600000
reset check_update_interval: 3600000
reset check_update_interval: 3600000
reset check_update_interval: 3600000
reset check_update_interval: 3600000
reset check_update_interval: 3600000
reset check_update_interval: 3600000
undefined
reset check_update_interval: 3600000
reset check_update_interval: 3600000
undefined
reset check_update_interval: 3600000
reset check_update_interval: 3600000
reset check_update_interval: 3600000
reset check_update_interval: 3600000
reset check_update_interval: 3600000
reset check_update_interval: 3600000
undefined
reset check_update_interval: 3600000
reset check_update_interval: 3600000
reset check_update_interval: 3600000
reset check_update_interval: 3600000
reset check_update_interval: 3600000
undefined
reset check_update_interval: 3600000
reset check_update_interval: 3600000
reset check_update_interval: 3600000
reset check_update_interval: 3600000
reset check_update_interval: 3600000
reset check_update_interval: 3600000
undefined
undefined
reset check_update_interval: 3600000
undefined
reset check_update_interval: 3600000
reset check_update_interval: 3600000
ta78na
reset check_update_interval: 3600000
zyf
updated seen_time for manga_id: 48.
###################网络延迟#######################
zyf
###################网络延迟#######################
reset check_update_interval: 3600000
zyf
https://mhimg.eshanyao.com/images/cover/201905/1557957859341260847c917dc.jpg
internal/validators.js:113
    throw err;
    ^

TypeError [ERR_INVALID_ARG_TYPE]: The "fd" argument must be of type number. Received type undefined
    at Object.write (fs.js:507:3)
    at fs.open (/root/maple/maple-manga/route/mainpage.js:56:18)
    at FSReqWrap.args [as oncomplete] (fs.js:140:20)
应用实例，访问地址为 http://localhost:3000
zyf
###################网络延迟#######################
{ [Error: ENOENT: no such file or directory, unlink 'res/img/2608.jpg']
  errno: -2,
  code: 'ENOENT',
  syscall: 'unlink',
  path: 'res/img/2608.jpg' }
删除文件成功
zyf
zyf
https://mhimg.eshanyao.com/images/cover/201905/1557957859341260847c917dc.jpg
internal/validators.js:113
    throw err;
    ^

TypeError [ERR_INVALID_ARG_TYPE]: The "fd" argument must be of type number. Received type undefined
    at Object.write (fs.js:507:3)
    at fs.open (/root/maple/maple-manga/route/mainpage.js:56:18)
    at FSReqWrap.args [as oncomplete] (fs.js:140:20)
应用实例，访问地址为 http://localhost:3000
zyf
###################网络延迟#######################
{ [Error: ENOENT: no such file or directory, unlink 'res/img/2608.jpg']
  errno: -2,
  code: 'ENOENT',
  syscall: 'unlink',
  path: 'res/img/2608.jpg' }
删除文件成功
zyf
https://mhimg.eshanyao.com/images/cover/201908/15667609308589792678c20d2.jpg
internal/validators.js:113
    throw err;
    ^

TypeError [ERR_INVALID_ARG_TYPE]: The "fd" argument must be of type number. Received type undefined
    at Object.write (fs.js:507:3)
    at fs.open (/root/maple/maple-manga/route/mainpage.js:56:18)
    at FSReqWrap.args [as oncomplete] (fs.js:140:20)
应用实例，访问地址为 http://localhost:3000
zyf
###################网络延迟#######################
{ [Error: ENOENT: no such file or directory, unlink 'res/img/9792.jpg']
  errno: -2,
  code: 'ENOENT',
  syscall: 'unlink',
  path: 'res/img/9792.jpg' }
删除文件成功
zyf
reset check_update_interval: 3600000
reset check_update_interval: 3600000
reset check_update_interval: 3600000
reset check_update_interval: 3600000
reset check_update_interval: 3600000
reset check_update_interval: 3600000
reset check_update_interval: 3600000
reset check_update_interval: 3600000
reset check_update_interval: 3600000
reset check_update_interval: 3600000
reset check_update_interval: 3600000
reset check_update_interval: 3600000
undefined
reset check_update_interval: 3600000
reset check_update_interval: 3600000
reset check_update_interval: 3600000
reset check_update_interval: 3600000
reset check_update_interval: 3600000
reset check_update_interval: 3600000
zyf
zyf
zyf
https://img002.eshanyao.com/images/cover/201905/15587858098753263a485529.jpg
internal/validators.js:113
    throw err;
    ^

TypeError [ERR_INVALID_ARG_TYPE]: The "fd" argument must be of type number. Received type undefined
    at Object.write (fs.js:507:3)
    at fs.open (/root/maple/maple-manga/route/mainpage.js:56:18)
    at FSReqWrap.args [as oncomplete] (fs.js:140:20)
应用实例，访问地址为 http://localhost:3000
zyf
###################网络延迟#######################
###################网络延迟#######################
###################网络延迟#######################
{ [Error: ENOENT: no such file or directory, unlink 'res/img/3263.jpg']
  errno: -2,
  code: 'ENOENT',
  syscall: 'unlink',
  path: 'res/img/3263.jpg' }
删除文件成功
###################网络延迟#######################
###################网络延迟#######################
###################网络延迟#######################
###################网络延迟#######################
###################网络延迟#######################
###################网络延迟#######################
zyf
应用实例，访问地址为 http://localhost:3000
zyf
